<?xml version="1.0" encoding="UTF-8"?>
<!-- Generated by org.testng.reporters.JUnitReportReporter -->
<testsuite hostname="admin" failures="0" tests="1" name="testrunner.tesrtngrunner" time="279.317" errors="0" timestamp="3 Dec 2020 03:49:17 GMT">
  <testcase classname="testrunner.tesrtngrunner" name="feature" time="279.317"/>
</testsuite> <!-- testrunner.tesrtngrunner -->
